<?xml version="1.0" encoding="UTF-8"?>
<!-- Generated by org.testng.reporters.JUnitReportReporter -->
<testsuite hostname="DESKTOP-O4DA61O" failures="0" tests="1" name="finalSDETTasks.FinalAssignment4" time="14.906" errors="0" timestamp="17 Mar 2021 14:05:14 GMT">
  <testcase classname="finalSDETTasks.FinalAssignment4" name="testWriteXPathsCssSelectors" time="14.906"/>
</testsuite> <!-- finalSDETTasks.FinalAssignment4 -->
