<?xml version="1.0" encoding="UTF-8"?>
<!-- Generated by org.testng.reporters.JUnitReportReporter -->
<testsuite hostname="DESKTOP-O4DA61O" failures="0" tests="1" name="finalSDETTasks.FinalAssignment6" time="0.011" errors="0" timestamp="17 Mar 2021 14:31:51 GMT">
  <testcase classname="finalSDETTasks.FinalAssignment6" name="unitTest" time="0.011"/>
</testsuite> <!-- finalSDETTasks.FinalAssignment6 -->
