<?xml version="1.0" encoding="UTF-8"?>
<!-- Generated by org.testng.reporters.JUnitReportReporter -->
<testsuite hostname="DESKTOP-O4DA61O" failures="0" tests="5" name="TestFinal" time="9.984" errors="0" timestamp="15 Mar 2021 19:19:10 GMT">
  <testcase classname="TestFinal" name="testPrintTitle" time="0.017"/>
  <testcase classname="TestFinal" name="testWriteXPathsCssSelectors" time="0.301"/>
  <testcase classname="TestFinal" name="testLoginValidateDashboard" time="1.676"/>
  <testcase classname="TestFinal" name="openBrowser" time="6.594"/>
  <testcase classname="TestFinal" name="testClickAdminValidate" time="1.396"/>
</testsuite> <!-- TestFinal -->
