<?xml version="1.0" encoding="UTF-8"?>
<!-- Generated by org.testng.reporters.JUnitReportReporter -->
<testsuite hostname="DESKTOP-O4DA61O" failures="0" tests="1" name="finalSDETTasks.FinalAssignment8" time="18.226" errors="0" timestamp="17 Mar 2021 18:37:59 GMT">
  <testcase classname="finalSDETTasks.FinalAssignment8" name="testDifferentPageTitles" time="18.226"/>
</testsuite> <!-- finalSDETTasks.FinalAssignment8 -->
