<?xml version="1.0" encoding="UTF-8"?>
<!-- Generated by org.testng.reporters.JUnitReportReporter -->
<testsuite hostname="DESKTOP-O4DA61O" failures="0" tests="1" name="finalSDETTasks.FinalAssignment5" time="7.534" errors="0" timestamp="17 Mar 2021 14:13:18 GMT">
  <testcase classname="finalSDETTasks.FinalAssignment5" name="testClickAdminValidate" time="7.534"/>
</testsuite> <!-- finalSDETTasks.FinalAssignment5 -->
