<?xml version="1.0" encoding="UTF-8"?>
<!-- Generated by org.testng.reporters.JUnitReportReporter -->
<testsuite hostname="DESKTOP-O4DA61O" failures="0" tests="1" name="FinalSDETTasks.FinalAssignment1" time="5.607" errors="0" timestamp="17 Mar 2021 13:36:25 GMT">
  <testcase classname="FinalSDETTasks.FinalAssignment1" name="openBrowser" time="5.607"/>
</testsuite> <!-- FinalSDETTasks.FinalAssignment1 -->
