<?xml version="1.0" encoding="UTF-8"?>
<!-- Generated by org.testng.reporters.JUnitReportReporter -->
<testsuite hostname="DESKTOP-O4DA61O" failures="0" tests="1" name="sdetDriver.SDETDriver" time="0.052" errors="0" timestamp="17 Mar 2021 14:34:41 GMT">
  <testcase classname="sdetDriver.SDETDriver" name="sdetDriver" time="0.052"/>
</testsuite> <!-- sdetDriver.SDETDriver -->
