<?xml version="1.0" encoding="UTF-8"?>
<!-- Generated by org.testng.reporters.JUnitReportReporter -->
<testsuite hostname="DESKTOP-O4DA61O" failures="0" tests="1" name="finalSDETTasks.FinalAssignment3" time="7.225" errors="0" timestamp="17 Mar 2021 13:53:21 GMT">
  <testcase classname="finalSDETTasks.FinalAssignment3" name="testWriteXPathsCssSelectors" time="7.225"/>
</testsuite> <!-- finalSDETTasks.FinalAssignment3 -->
