<?xml version="1.0" encoding="UTF-8"?>
<!-- Generated by org.testng.reporters.JUnitReportReporter -->
<testsuite hostname="DESKTOP-O4DA61O" failures="0" tests="2" name="finalSDETTasks.FinalAssignment7" time="11.423" errors="0" timestamp="17 Mar 2021 14:45:04 GMT">
  <testcase classname="finalSDETTasks.FinalAssignment7" name="testPriority2" time="0.002"/>
  <testcase classname="finalSDETTasks.FinalAssignment7" name="testPriority1" time="11.421"/>
</testsuite> <!-- finalSDETTasks.FinalAssignment7 -->
