<?xml version="1.0" encoding="UTF-8"?>
<!-- Generated by org.testng.reporters.JUnitReportReporter -->
<testsuite hostname="DESKTOP-O4DA61O" failures="0" tests="1" name="finalSDETTasks.FinalAssignment10" time="9.089" errors="0" timestamp="17 Mar 2021 19:00:16 GMT">
  <testcase classname="finalSDETTasks.FinalAssignment10" name="testDashboardHeading" time="9.089"/>
</testsuite> <!-- finalSDETTasks.FinalAssignment10 -->
