<?xml version="1.0" encoding="UTF-8"?>
<!-- Generated by org.testng.reporters.JUnitReportReporter -->
<testsuite hostname="DESKTOP-O4DA61O" failures="0" tests="1" name="finalSDETTasks.FinalAssignment13" time="16.672" errors="0" timestamp="18 Mar 2021 16:44:47 GMT">
  <testcase classname="finalSDETTasks.FinalAssignment13" name="testTask13" time="16.672"/>
</testsuite> <!-- finalSDETTasks.FinalAssignment13 -->
