<?xml version="1.0" encoding="UTF-8"?>
<!-- Generated by org.testng.reporters.JUnitReportReporter -->
<testsuite hostname="DESKTOP-O4DA61O" failures="0" tests="1" name="finalSDETTasks.FinalAssignment15" time="19.669" errors="0" timestamp="18 Mar 2021 19:58:49 GMT">
  <testcase classname="finalSDETTasks.FinalAssignment15" name="testDifferentPageTitles" time="19.669"/>
</testsuite> <!-- finalSDETTasks.FinalAssignment15 -->
