<?xml version="1.0" encoding="UTF-8"?>
<!-- Generated by org.testng.reporters.JUnitReportReporter -->
<testsuite hostname="DESKTOP-O4DA61O" failures="0" tests="1" name="finalSDETTasks.FinalAssignment11" time="14.048" errors="0" timestamp="18 Mar 2021 13:20:37 GMT">
  <testcase classname="finalSDETTasks.FinalAssignment11" name="testITestListener" time="14.048"/>
</testsuite> <!-- finalSDETTasks.FinalAssignment11 -->
