<?xml version="1.0" encoding="UTF-8"?>
<!-- Generated by org.testng.reporters.JUnitReportReporter -->
<testsuite hostname="DESKTOP-O4DA61O" failures="0" tests="1" name="finalSDETTasks.FinalAssignment2" time="6.759" errors="0" timestamp="17 Mar 2021 13:47:44 GMT">
  <testcase classname="finalSDETTasks.FinalAssignment2" name="testPrintTitle" time="6.759"/>
</testsuite> <!-- finalSDETTasks.FinalAssignment2 -->
