<?xml version="1.0" encoding="UTF-8"?>
<!-- Generated by org.testng.reporters.JUnitReportReporter -->
<testsuite hostname="DESKTOP-O4DA61O" failures="0" tests="1" name="finalSDETTasks.FinalAssignment9" time="6.247" errors="0" timestamp="17 Mar 2021 18:48:41 GMT">
  <testcase classname="finalSDETTasks.FinalAssignment9" name="testTask9" time="6.247"/>
</testsuite> <!-- finalSDETTasks.FinalAssignment9 -->
